{
  "RSpec": {
    "coverage": {
      "/home/sasha/RUBY/shopping_cart/app/helpers/shopping_cart/application_helper.rb": [
        1,
        1,
        null,
        null
      ],
      "/home/sasha/RUBY/shopping_cart/app/concerns/shopping_cart/current_order.rb": [
        1,
        1,
        null,
        1,
        1,
        null,
        null,
        1,
        0,
        0,
        0,
        0,
        null,
        0,
        0,
        null,
        0,
        0,
        null,
        null
      ],
      "/home/sasha/RUBY/shopping_cart/app/models/shopping_cart/order_item.rb": [
        1,
        1,
        null,
        1,
        0,
        null,
        0,
        null,
        0,
        0,
        null,
        null,
        0,
        0,
        null,
        null,
        0,
        0,
        null,
        null,
        0,
        0,
        null,
        null,
        0,
        0,
        null,
        null,
        null
      ],
      "/home/sasha/RUBY/shopping_cart/app/models/shopping_cart/application_record.rb": [
        1,
        1,
        1,
        null,
        null
      ],
      "/home/sasha/RUBY/shopping_cart/app/decorators/shopping_cart/order_decorator.rb": [
        0,
        0,
        0,
        null,
        0,
        0,
        0,
        null,
        0,
        0,
        0,
        0,
        0
      ],
      "/home/sasha/RUBY/shopping_cart/app/forms/shopping_cart/setting_address.rb": [
        null,
        0,
        0,
        0,
        0,
        0,
        null,
        0,
        0,
        0,
        0,
        0,
        null,
        0,
        0,
        0,
        0,
        0,
        0,
        0,
        0,
        0,
        0,
        null,
        0,
        null,
        0,
        0,
        0,
        null,
        0,
        0,
        0,
        null,
        0,
        0,
        0,
        null,
        0,
        0
      ],
      "/home/sasha/RUBY/shopping_cart/app/controllers/shopping_cart/settings_controller.rb": [
        0,
        null,
        0,
        null,
        0,
        0,
        null,
        0,
        0,
        0,
        null,
        0,
        0,
        0,
        0,
        0,
        0,
        0
      ],
      "/home/sasha/RUBY/shopping_cart/app/controllers/shopping_cart/carts_controller.rb": [
        0,
        null,
        0,
        0,
        null,
        0,
        0,
        0,
        null,
        0,
        0,
        0,
        0,
        0,
        null,
        0,
        0,
        0,
        0,
        0
      ],
      "/home/sasha/RUBY/shopping_cart/app/controllers/shopping_cart/application_controller.rb": [
        0,
        0,
        0,
        0,
        0
      ],
      "/home/sasha/RUBY/shopping_cart/app/controllers/shopping_cart/checkout_steps_controller.rb": [
        0,
        null,
        0,
        0,
        null,
        0,
        0,
        null,
        0,
        0,
        null,
        0,
        0,
        0,
        0,
        0,
        0,
        0,
        0,
        null,
        0,
        0,
        0,
        0,
        0,
        0,
        0,
        0,
        null,
        0,
        null,
        0,
        0,
        0,
        0,
        null,
        0,
        0
      ],
      "/home/sasha/RUBY/shopping_cart/app/controllers/shopping_cart/orders_controller.rb": [
        0,
        null,
        0,
        0,
        null,
        null,
        0,
        0,
        0,
        null,
        0,
        0,
        0,
        0,
        0,
        0,
        null,
        0,
        null,
        0,
        0,
        0,
        0,
        null,
        0,
        0,
        0,
        0,
        0,
        0
      ],
      "/home/sasha/RUBY/shopping_cart/app/controllers/shopping_cart/order_items_controller.rb": [
        0,
        null,
        0,
        0,
        0,
        null,
        0,
        0,
        0,
        0,
        0,
        0,
        0,
        0,
        0,
        0,
        0,
        0,
        0,
        0,
        null,
        0,
        0,
        0,
        0,
        0,
        null,
        0,
        0,
        0,
        0,
        0,
        null,
        0,
        0,
        0,
        0,
        0,
        0,
        0,
        0,
        null,
        0,
        null,
        0,
        0,
        0,
        null,
        0,
        0,
        0,
        null,
        0,
        0,
        0,
        0,
        0
      ],
      "/home/sasha/RUBY/shopping_cart/app/jobs/shopping_cart/application_job.rb": [
        0,
        0,
        0,
        0
      ],
      "/home/sasha/RUBY/shopping_cart/app/concerns/shopping_cart/step_checkout_update.rb": [
        0,
        0,
        null,
        0,
        null,
        0,
        null,
        0,
        0,
        0,
        0,
        0,
        0,
        null,
        0,
        0,
        0,
        0,
        0,
        0,
        null,
        0,
        0,
        0,
        0,
        0,
        0,
        0,
        0,
        0,
        null,
        0,
        0,
        0,
        0,
        null,
        0,
        0,
        0,
        0,
        0,
        0,
        0,
        0,
        0,
        0,
        0,
        null,
        0,
        0,
        0,
        0,
        0,
        0,
        0,
        0
      ],
      "/home/sasha/RUBY/shopping_cart/app/concerns/shopping_cart/step_checkout_show.rb": [
        0,
        0,
        null,
        0,
        null,
        0,
        null,
        0,
        0,
        0,
        0,
        0,
        0,
        0,
        0,
        0,
        0,
        0,
        0,
        0,
        0,
        0,
        0,
        0,
        0,
        0,
        0,
        0,
        null,
        0,
        0,
        0,
        null,
        0,
        0,
        0,
        0,
        null,
        0,
        0,
        0,
        0,
        null,
        0,
        0,
        0,
        0,
        0,
        0,
        0,
        0,
        0,
        0
      ],
      "/home/sasha/RUBY/shopping_cart/app/mailers/shopping_cart/application_mailer.rb": [
        0,
        0,
        0,
        0,
        0,
        0
      ],
      "/home/sasha/RUBY/shopping_cart/app/models/shopping_cart/credit_card.rb": [
        0,
        0,
        0,
        0,
        0,
        0,
        0,
        0,
        0,
        0
      ],
      "/home/sasha/RUBY/shopping_cart/app/models/shopping_cart/shipping_method.rb": [
        0,
        0,
        0,
        null,
        0,
        0,
        0,
        0,
        0
      ],
      "/home/sasha/RUBY/shopping_cart/app/models/shopping_cart/shipping_address.rb": [
        0,
        0,
        0,
        0,
        0,
        0,
        0,
        0,
        0,
        0,
        0,
        0,
        0
      ],
      "/home/sasha/RUBY/shopping_cart/app/models/shopping_cart/billing_address.rb": [
        0,
        0,
        0,
        0,
        0,
        0,
        0,
        0,
        0,
        0,
        0,
        0,
        0
      ],
      "/home/sasha/RUBY/shopping_cart/app/models/shopping_cart/order.rb": [
        0,
        0,
        0,
        0,
        0,
        0,
        0,
        0,
        0,
        0,
        null,
        0,
        0,
        0,
        null,
        null,
        0,
        0,
        0,
        null,
        0,
        0,
        0,
        0,
        null,
        0,
        0,
        0,
        0,
        null,
        0,
        0,
        0,
        null,
        0,
        0,
        0,
        null,
        0,
        0
      ],
      "/home/sasha/RUBY/shopping_cart/app/models/shopping_cart/coupon.rb": [
        0,
        0,
        0,
        null,
        0,
        0,
        0,
        0
      ],
      "/home/sasha/RUBY/shopping_cart/app/models/shopping_cart/order_status.rb": [
        0,
        0,
        0,
        null,
        0,
        0,
        0
      ],
      "/home/sasha/RUBY/shopping_cart/lib/shopping_cart.rb": [
        0,
        null,
        0,
        0,
        0,
        null,
        0,
        0,
        0,
        null,
        0,
        0,
        0,
        0
      ],
      "/home/sasha/RUBY/shopping_cart/lib/shopping_cart/engine.rb": [
        0,
        0,
        0,
        0,
        0,
        0,
        0,
        0,
        0,
        0,
        0,
        null,
        0,
        0,
        0,
        0,
        0,
        0,
        0,
        null,
        null,
        null,
        null,
        null,
        null,
        null,
        0,
        0,
        0,
        0,
        0,
        0,
        null,
        0,
        0
      ],
      "/home/sasha/RUBY/shopping_cart/lib/shopping_cart/version.rb": [
        0,
        0,
        0
      ]
    },
    "timestamp": 1508244204
  }
}
